<?xml version="1.0" encoding="UTF-8"?>
<!-- Generated by org.testng.reporters.JUnitReportReporter -->
<testsuite skipped="0" hostname="KIHYDL0889" name="smoketests.SmokeTestSuite" tests="3" failures="0" timestamp="2021-11-16T22:38:13 IST" time="5.806" errors="0">
  <testcase name="verify_page_number" time="0.394" classname="smoketests.SmokeTestSuite"/>
  <system-out/>
  <testcase name="create_new_user_with_valid_input" time="5.193" classname="smoketests.SmokeTestSuite"/>
  <system-out/>
  <testcase name="verify_status_code_is_success" time="0.219" classname="smoketests.SmokeTestSuite"/>
  <system-out/>
</testsuite> <!-- smoketests.SmokeTestSuite -->
